Parameters used by GA: 
Representation: Representation: Integer
Population size: 10
Max Generation): 500000
Recombination Method: Recombination: N-Point Crossover (2 points)
Mutation Method: Mutation: Random Resetting
Parent Selection: Selection: Tournament selection
Survivor Selection: Parent Selection: Elitism
Pc: 0.9
Pm: 0.01
Survival Rate: 0.2
----------
Number of generations ran: 111696
Total Running Time: 406 seconds
Number of population restarts: 1
Phenotype of Best performing individual: 
2 1 4    5 6 3    
3 6 5    4 2 1    

5 4 6    1 3 2    
1 2 3    6 5 4    

6 3 1    2 4 5    
4 5 2    3 1 6    


The sudoku puzzle was solved
