Parameters used by GA: 
Representation: Representation: Integer
Population size: 10
Max Generation): 500000
Recombination Method: Recombination: N-Point Crossover (3 points)
Mutation Method: Mutation: Random Resetting
Parent Selection: Selection: Tournament selection
Survivor Selection: Parent Selection: Elitism
Pc: 0.9
Pm: 0.01
Survival Rate: 0.2
----------
Number of generations ran: 41
Total Running Time: 156 milliseconds
Number of population restarts: 0
Phenotype of Best performing individual: 
1 3    2 4    
2 4    3 1    

3 1    4 2    
4 2    1 3    


The sudoku puzzle was solved
