Parameters used by GA: 
Representation: Representation: Integer
Population size: 10
Max Generation): 500000
Recombination Method: Recombination: N-Point Crossover (2 points)
Mutation Method: Mutation: Random Reseting
Parent Selection: Selection: Tournament selection
Survivor Selection: Parent Selection: Elitism
Pc: 0.9
Pm: 0.01
Survival Rate: 0.2
----------
Number of generations ran: 12440
Total Running Time: 10 seconds
Number of population restarts: 0
Phenotype of Best performing individual: 
6 8 2    5 7 1    3 9 4    
1 4 5    8 3 9    6 2 7    
7 9 3    4 2 6    1 5 8    

3 7 4    9 1 2    8 6 5    
2 1 6    3 8 5    4 7 9    
9 5 8    6 4 7    2 3 1    

5 2 1    7 6 8    9 4 3    
4 6 7    1 9 3    5 8 2    
8 3 9    2 5 4    7 1 6    


The sudoku puzzle was solved
