Parameters used by GA: 
Representation: Representation: Integer
Population size: 10
Max Generation): 500000
Recombination Method: Recombination: N-Point Crossover (2 points)
Mutation Method: Mutation: Random Resetting
Parent Selection: Selection: Tournament selection
Survivor Selection: Parent Selection: Elitism
Pc: 0.9
Pm: 0.01
Survival Rate: 0.2
----------
Number of generations ran: 136758
Total Running Time: 419 seconds
Number of population restarts: 1
Phenotype of Best performing individual: 
4 5 1    2 3 6    
2 6 3    1 5 4    

5 2 6    3 4 1    
3 1 4    6 2 5    

1 4 2    5 6 3    
6 3 5    4 1 2    


The sudoku puzzle was solved
