Parameters used by GA: 
Representation: Representation: Integer
Population size: 10
Max Generation): 500000
Recombination Method: Recombination: N-Point Crossover (3 points)
Mutation Method: Mutation: Random Resetting
Parent Selection: Selection: Tournament selection
Survivor Selection: Parent Selection: Elitism
Pc: 0.9
Pm: 0.01
Survival Rate: 0.4
----------
Number of generations ran: 43
Total Running Time: 303 milliseconds
Number of population restarts: 0
Phenotype of Best performing individual: 
2 1 5    4 3 6    
4 6 3    1 2 5    

5 3 4    2 6 1    
1 2 6    3 5 4    

3 5 1    6 4 2    
6 4 2    5 1 3    


The sudoku puzzle was solved
