Parameters used by GA: 
Representation: Representation: Integer
Population size: 10
Max Generation): 500000
Recombination Method: Recombination: N-Point Crossover (2 points)
Mutation Method: Mutation: Random Resetting
Parent Selection: Selection: Tournament selection
Survivor Selection: Parent Selection: Elitism
Pc: 0.9
Pm: 0.01
Survival Rate: 0.4
----------
Number of generations ran: 25612
Total Running Time: 46 seconds
Number of population restarts: 0
Phenotype of Best performing individual: 
6 9 8    1 3 4    7 5 2    
7 2 5    6 9 8    3 4 1    
3 4 1    5 2 7    8 9 6    

4 6 7    8 1 9    5 2 3    
9 8 3    4 5 2    6 1 7    
1 5 2    7 6 3    4 8 9    

5 3 4    2 7 1    9 6 8    
8 1 9    3 4 6    2 7 5    
2 7 6    9 8 5    1 3 4    


The sudoku puzzle was solved
