Parameters used by GA: 
Representation: Representation: Integer
Population size: 10
Max Generation): 500000
Recombination Method: Recombination: N-Point Crossover (3 points)
Mutation Method: Mutation: Random Reseting
Parent Selection: Selection: Tournament selection
Survivor Selection: Parent Selection: Elitism
Pc: N/A
Pm: 0.01
Survival Rate: 0.2
----------
Number of generations ran: 34039
Total Running Time: 45 seconds
Number of population restarts: 0
Phenotype of Best performing individual: 
1 2    3 4    
4 3    2 1    

2 4    1 3    
3 1    4 2    


The sudoku puzzle was solved
